Arguments: 
  C:\Program Files\nodejs\node.exe C:\Users\DELL\AppData\Roaming\npm\node_modules\yarn\bin\yarn.js add vue-ls

PATH: 
  C:\Program Files (x86)\VMware\VMware Workstation\bin\;C:\Program Files (x86)\Common Files\Oracle\Java\javapath;C:\WINDOWS\system32;C:\WINDOWS;C:\WINDOWS\System32\Wbem;C:\WINDOWS\System32\WindowsPowerShell\v1.0\;C:\WINDOWS\System32\OpenSSH\;C:\Program Files\Git\cmd;C:\Program Files\Mozilla Firefox;D:\phpstudy_pro\Extensions\php\php7.3.4nts;C:\ProgramData\ComposerSetup\bin;C:\Program Files\nodejs\;C:\ProgramData\chocolatey\bin;C:\Users\DELL\AppData\Local\Android\Sdk\platform-tools;<Path to platform-tools>;C:\Program Files (x86)\NetSarang\Xshell 7\;C:\Program Files (x86)\NetSarang\Xftp 7\;C:\Users\DELL\anaconda3;C:\Program Files\dotnet\;D:\code\codeSoftWares\flutter\bin;;C:\Program Files\Docker\Docker\resources\bin;C:\ProgramData\DockerDesktop\version-bin;C:\Users\DELL\anaconda3;C:\Users\DELL\anaconda3\Library\mingw-w64\bin;C:\Users\DELL\anaconda3\Library\usr\bin;C:\Users\DELL\anaconda3\Library\bin;C:\Users\DELL\anaconda3\Scripts;C:\Users\DELL\AppData\Local\Microsoft\WindowsApps;C:\Users\DELL\AppData\Roaming\Composer\vendor\bin;C:\Users\DELL\AppData\Roaming\npm;C:\Users\DELL\go\bin;C:\Users\DELL\.dotnet\tools;C:\Users\DELL\AppData\Local\Programs\Microsoft VS Code\bin

Yarn version: 
  1.22.17

Node version: 
  16.14.0

Platform: 
  win32 x64

Trace: 
  Error: EPERM: operation not permitted, unlink 'D:\code\project\mine\fontEnd\record-admin-web\node_modules\esbuild-windows-64\esbuild.exe'

npm manifest: 
  {
    "name": "record-web",
    "version": "0.0.0",
    "scripts": {
      "dev": "vite",
      "build:test": "vite build --mode test",
      "bulid:prod": "vite build --mode production",
      "serve": "vite preview"
    },
    "dependencies": {
      "@element-plus/icons": "^0.0.11",
      "@fortawesome/fontawesome-svg-core": "^1.2.36",
      "@fortawesome/free-brands-svg-icons": "^5.15.4",
      "@fortawesome/free-solid-svg-icons": "^5.15.4",
      "@fortawesome/vue-fontawesome": "^3.0.0-5",
      "@vueuse/core": "^7.0.0",
      "@vueuse/motion": "^2.0.0-beta.4",
      "axios": "^0.24.0",
      "dotenv": "^14.2.0",
      "echarts": "^5.2.2",
      "element-plus": "^1.2.0-beta.3",
      "file-saver": "^2.0.5",
      "qiniu-js": "^3.4.0",
      "vite": "^2.6.14",
      "vue": "^3.2.4",
      "vue-router": "^4.0.12",
      "vuex": "^4.0.2",
      "xlsx": "^0.18.0"
    },
    "devDependencies": {
      "@vitejs/plugin-vue": "^1.9.3",
      "script-loader": "^0.7.2"
    }
  }

yarn manifest: 
  No manifest

Lockfile: 
  No lockfile
